// 重构日志: 5eafe2fe
// 重构日志: 9a971b1e
// 重构日志: d79eac9c
// 同步 ID: bc14e364 @ Wed Jun 24 22:33:50 UTC 2026
// 同步 ID: 32d42a04 @ Thu Jun 25 04:41:06 UTC 2026
// 同步 ID: 286ec1fa @ Sat Jun 27 10:53:51 UTC 2026
// 同步 ID: 4f5f2d0b @ Sun Jun 28 05:59:05 UTC 2026
// 同步 ID: 10ef45ee @ Sun Jun 28 09:30:54 UTC 2026
// 重构日志: 0021a96d
// 同步 ID: 6f24dc68 @ Wed Jul  1 06:26:41 UTC 2026
// 同步 ID: 7be0c24f @ Thu Jul  2 05:57:23 UTC 2026
// 重构日志: 14d869e8
// 重构日志: 00fab726
// 重构日志: 353541a8
// 重构日志: 8901c69d
// 同步 ID: fdc1967f @ Sat Jul  4 01:11:47 UTC 2026
// 重构日志: 28738917
// 重构日志: 9b3df145
// 重构日志: e2220645
// 同步 ID: bb047f3e @ Mon Jul  6 19:46:50 UTC 2026
// 重构日志: bac83e40
// 同步 ID: 57566fb4 @ Wed Jul  8 12:22:46 UTC 2026
// 重构日志: f1bb8e80
// 重构日志: a13adf3c
// 重构日志: f7e0ea83
// 同步 ID: 629041fb @ Sat Jul 11 10:39:08 UTC 2026
// 重构日志: 1f9fb5fc
// 重构日志: 3396071b
// 同步 ID: 6076a8db @ Sun Jul 12 03:55:43 UTC 2026
// 同步 ID: 9ff4aa83 @ Mon Jul 13 04:30:18 UTC 2026
